[0m14:36:11.052686 [debug] [MainThread]: Sending event: {'category': 'dbt', 'action': 'invocation', 'label': 'start', 'context': [<snowplow_tracker.self_describing_json.SelfDescribingJson object at 0x120020ca0>, <snowplow_tracker.self_describing_json.SelfDescribingJson object at 0x122283be0>, <snowplow_tracker.self_describing_json.SelfDescribingJson object at 0x122283310>]}


============================== 14:36:11.055675 | b1905493-b00d-4d33-9bd6-9c96f0ec460d ==============================
[0m14:36:11.055675 [info ] [MainThread]: Running with dbt=1.9.4
[0m14:36:11.056048 [debug] [MainThread]: running dbt with arguments {'printer_width': '80', 'indirect_selection': 'eager', 'write_json': 'True', 'log_cache_events': 'False', 'partial_parse': 'True', 'cache_selected_only': 'False', 'profiles_dir': '/Users/tourgismacbook/.dbt', 'version_check': 'True', 'fail_fast': 'False', 'log_path': 'logs', 'debug': 'False', 'warn_error': 'None', 'use_colors': 'True', 'use_experimental_parser': 'False', 'no_print': 'None', 'quiet': 'False', 'empty': 'None', 'warn_error_options': 'WarnErrorOptions(include=[], exclude=[])', 'static_parser': 'True', 'invocation_command': 'dbt init snowflake_proj', 'introspect': 'True', 'target_path': 'None', 'log_format': 'default', 'send_anonymous_usage_stats': 'True'}
[0m14:36:11.065126 [debug] [MainThread]: Starter project path: /Users/tourgismacbook/Desktop/ECOMMERCE_PROJECT/.venv/lib/python3.9/site-packages/dbt/include/starter_project
[0m14:36:11.068769 [info ] [MainThread]: 
Your new dbt project "snowflake_proj" was created!

For more information on how to configure the profiles.yml file,
please consult the dbt documentation here:

  https://docs.getdbt.com/docs/configure-your-profile

One more thing:

Need help? Don't hesitate to reach out to us via GitHub issues or on Slack:

  https://community.getdbt.com/

Happy modeling!

[0m14:36:11.069117 [info ] [MainThread]: Setting up your profile.
[0m14:50:38.064869 [info ] [MainThread]: Profile snowflake_proj written to /Users/tourgismacbook/.dbt/profiles.yml using target's profile_template.yml and your supplied values. Run 'dbt debug' to validate the connection.
[0m14:50:38.083284 [debug] [MainThread]: Resource report: {"command_name": "init", "command_success": true, "command_wall_clock_time": 867.09204, "process_in_blocks": "0", "process_kernel_time": 0.214232, "process_mem_max_rss": "93192192", "process_out_blocks": "0", "process_user_time": 0.979764}
[0m14:50:38.085956 [debug] [MainThread]: Command `dbt init` succeeded at 14:50:38.085297 after 867.10 seconds
[0m14:50:38.089670 [debug] [MainThread]: Sending event: {'category': 'dbt', 'action': 'invocation', 'label': 'end', 'context': [<snowplow_tracker.self_describing_json.SelfDescribingJson object at 0x120020ca0>, <snowplow_tracker.self_describing_json.SelfDescribingJson object at 0x122305340>, <snowplow_tracker.self_describing_json.SelfDescribingJson object at 0x12225d550>]}
[0m14:50:38.092615 [debug] [MainThread]: Flushing usage events
[0m14:50:38.550870 [debug] [MainThread]: An error was encountered while trying to flush usage events
